2020-10-24 00:01:37.568  INFO 6132 --- [AsyncResolver-bootstrap-executor-0] c.n.d.s.r.aws.ConfigClusterResolver      : Resolving eureka endpoints via configuration
2020-10-24 00:02:40.350 DEBUG 6132 --- [http-nio-8080-exec-9] c.a.s.webui.controller.TOrderController  : 提交订单-立即支付OrderFormInfoSubmitVo=OrderFormInfoSubmitVo(address=北京尚硅谷, invoice=0, invoictitle=尚硅谷公司111, remark=周一发货)
2020-10-24 00:02:40.408 DEBUG 6132 --- [http-nio-8080-exec-9] c.a.s.webui.controller.TOrderController  : 订单详情：TOrder [id=4, memberid=1, projectid=1, returnid=1, ordernum=d999a73622444eebb38837460aaafa6e, createdate=2020-10-24 00:02:40, money=1020, rtncount=5, status=0, address=北京尚硅谷, invoice=0, invoictitle=尚硅谷公司111, remark=周一发货]
2020-10-24 00:02:40.440 ERROR 6132 --- [http-nio-8080-exec-9] o.a.c.c.C.[.[.[/].[dispatcherServlet]    : Servlet.service() for servlet [dispatcherServlet] in context with path [] threw exception [Request processing failed; nested exception is java.lang.RuntimeException: com.alipay.api.AlipayApiException: RSAcontent = alipay_sdk=alipay-sdk-java-3.4.49.ALL&app_id=2016102600764560&biz_content={"out_trade_no":"d999a73622444eebb38837460aaafa6e","total_amount":"1020","subject":"智能高清监控机器人","body":"周一发货","product_code":"FAST_INSTANT_TRADE_PAY"}&charset=UTF-8&format=json&method=alipay.trade.page.pay&sign_type=RSA&timestamp=2020-10-24 00:02:40&version=1.0; charset = UTF-8] with root cause

java.lang.NullPointerException: null
	at com.alipay.api.internal.util.AlipaySignature.rsaSign(AlipaySignature.java:159) ~[alipay-sdk-java-3.4.49.ALL.jar:na]
	at com.alipay.api.internal.util.AlipaySignature.rsaSign(AlipaySignature.java:99) ~[alipay-sdk-java-3.4.49.ALL.jar:na]
	at com.alipay.api.DefaultSigner.sign(DefaultSigner.java:26) ~[alipay-sdk-java-3.4.49.ALL.jar:na]
	at com.alipay.api.AbstractAlipayClient.getRequestHolderWithSign(AbstractAlipayClient.java:526) ~[alipay-sdk-java-3.4.49.ALL.jar:na]
	at com.alipay.api.AbstractAlipayClient.pageExecute(AbstractAlipayClient.java:344) ~[alipay-sdk-java-3.4.49.ALL.jar:na]
	at com.alipay.api.AbstractAlipayClient.pageExecute(AbstractAlipayClient.java:339) ~[alipay-sdk-java-3.4.49.ALL.jar:na]
	at com.atguigu.scw.webui.controller.TOrderController.payOrder(TOrderController.java:95) ~[classes/:na]
	at com.atguigu.scw.webui.controller.TOrderController.payOrder(TOrderController.java:70) ~[classes/:na]
	at sun.reflect.NativeMethodAccessorImpl.invoke0(Native Method) ~[na:1.8.0_181]
	at sun.reflect.NativeMethodAccessorImpl.invoke(NativeMethodAccessorImpl.java:62) ~[na:1.8.0_181]
	at sun.reflect.DelegatingMethodAccessorImpl.invoke(DelegatingMethodAccessorImpl.java:43) ~[na:1.8.0_181]
	at java.lang.reflect.Method.invoke(Method.java:498) ~[na:1.8.0_181]
	at org.springframework.web.method.support.InvocableHandlerMethod.doInvoke(InvocableHandlerMethod.java:190) ~[spring-web-5.2.9.RELEASE.jar:5.2.9.RELEASE]
	at org.springframework.web.method.support.InvocableHandlerMethod.invokeForRequest(InvocableHandlerMethod.java:138) ~[spring-web-5.2.9.RELEASE.jar:5.2.9.RELEASE]
	at org.springframework.web.servlet.mvc.method.annotation.ServletInvocableHandlerMethod.invokeAndHandle(ServletInvocableHandlerMethod.java:105) ~[spring-webmvc-5.2.9.RELEASE.jar:5.2.9.RELEASE]
	at org.springframework.web.servlet.mvc.method.annotation.RequestMappingHandlerAdapter.invokeHandlerMethod(RequestMappingHandlerAdapter.java:878) ~[spring-webmvc-5.2.9.RELEASE.jar:5.2.9.RELEASE]
	at org.springframework.web.servlet.mvc.method.annotation.RequestMappingHandlerAdapter.handleInternal(RequestMappingHandlerAdapter.java:792) ~[spring-webmvc-5.2.9.RELEASE.jar:5.2.9.RELEASE]
	at org.springframework.web.servlet.mvc.method.AbstractHandlerMethodAdapter.handle(AbstractHandlerMethodAdapter.java:87) ~[spring-webmvc-5.2.9.RELEASE.jar:5.2.9.RELEASE]
	at org.springframework.web.servlet.DispatcherServlet.doDispatch(DispatcherServlet.java:1040) ~[spring-webmvc-5.2.9.RELEASE.jar:5.2.9.RELEASE]
	at org.springframework.web.servlet.DispatcherServlet.doService(DispatcherServlet.java:943) ~[spring-webmvc-5.2.9.RELEASE.jar:5.2.9.RELEASE]
	at org.springframework.web.servlet.FrameworkServlet.processRequest(FrameworkServlet.java:1006) ~[spring-webmvc-5.2.9.RELEASE.jar:5.2.9.RELEASE]
	at org.springframework.web.servlet.FrameworkServlet.doPost(FrameworkServlet.java:909) ~[spring-webmvc-5.2.9.RELEASE.jar:5.2.9.RELEASE]
	at javax.servlet.http.HttpServlet.service(HttpServlet.java:652) ~[tomcat-embed-core-9.0.38.jar:4.0.FR]
	at org.springframework.web.servlet.FrameworkServlet.service(FrameworkServlet.java:883) ~[spring-webmvc-5.2.9.RELEASE.jar:5.2.9.RELEASE]
	at javax.servlet.http.HttpServlet.service(HttpServlet.java:733) ~[tomcat-embed-core-9.0.38.jar:4.0.FR]
	at org.apache.catalina.core.ApplicationFilterChain.internalDoFilter(ApplicationFilterChain.java:231) ~[tomcat-embed-core-9.0.38.jar:9.0.38]
	at org.apache.catalina.core.ApplicationFilterChain.doFilter(ApplicationFilterChain.java:166) ~[tomcat-embed-core-9.0.38.jar:9.0.38]
	at org.apache.tomcat.websocket.server.WsFilter.doFilter(WsFilter.java:53) ~[tomcat-embed-websocket-9.0.38.jar:9.0.38]
	at org.apache.catalina.core.ApplicationFilterChain.internalDoFilter(ApplicationFilterChain.java:193) ~[tomcat-embed-core-9.0.38.jar:9.0.38]
	at org.apache.catalina.core.ApplicationFilterChain.doFilter(ApplicationFilterChain.java:166) ~[tomcat-embed-core-9.0.38.jar:9.0.38]
	at org.springframework.web.filter.RequestContextFilter.doFilterInternal(RequestContextFilter.java:100) ~[spring-web-5.2.9.RELEASE.jar:5.2.9.RELEASE]
	at org.springframework.web.filter.OncePerRequestFilter.doFilter(OncePerRequestFilter.java:119) ~[spring-web-5.2.9.RELEASE.jar:5.2.9.RELEASE]
	at org.apache.catalina.core.ApplicationFilterChain.internalDoFilter(ApplicationFilterChain.java:193) ~[tomcat-embed-core-9.0.38.jar:9.0.38]
	at org.apache.catalina.core.ApplicationFilterChain.doFilter(ApplicationFilterChain.java:166) ~[tomcat-embed-core-9.0.38.jar:9.0.38]
	at org.springframework.web.filter.FormContentFilter.doFilterInternal(FormContentFilter.java:93) ~[spring-web-5.2.9.RELEASE.jar:5.2.9.RELEASE]
	at org.springframework.web.filter.OncePerRequestFilter.doFilter(OncePerRequestFilter.java:119) ~[spring-web-5.2.9.RELEASE.jar:5.2.9.RELEASE]
	at org.apache.catalina.core.ApplicationFilterChain.internalDoFilter(ApplicationFilterChain.java:193) ~[tomcat-embed-core-9.0.38.jar:9.0.38]
	at org.apache.catalina.core.ApplicationFilterChain.doFilter(ApplicationFilterChain.java:166) ~[tomcat-embed-core-9.0.38.jar:9.0.38]
	at org.springframework.session.web.http.SessionRepositoryFilter.doFilterInternal(SessionRepositoryFilter.java:141) ~[spring-session-core-2.3.1.RELEASE.jar:2.3.1.RELEASE]
	at org.springframework.session.web.http.OncePerRequestFilter.doFilter(OncePerRequestFilter.java:82) ~[spring-session-core-2.3.1.RELEASE.jar:2.3.1.RELEASE]
	at org.apache.catalina.core.ApplicationFilterChain.internalDoFilter(ApplicationFilterChain.java:193) ~[tomcat-embed-core-9.0.38.jar:9.0.38]
	at org.apache.catalina.core.ApplicationFilterChain.doFilter(ApplicationFilterChain.java:166) ~[tomcat-embed-core-9.0.38.jar:9.0.38]
	at org.springframework.web.filter.CharacterEncodingFilter.doFilterInternal(CharacterEncodingFilter.java:201) ~[spring-web-5.2.9.RELEASE.jar:5.2.9.RELEASE]
	at org.springframework.web.filter.OncePerRequestFilter.doFilter(OncePerRequestFilter.java:119) ~[spring-web-5.2.9.RELEASE.jar:5.2.9.RELEASE]
	at org.apache.catalina.core.ApplicationFilterChain.internalDoFilter(ApplicationFilterChain.java:193) ~[tomcat-embed-core-9.0.38.jar:9.0.38]
	at org.apache.catalina.core.ApplicationFilterChain.doFilter(ApplicationFilterChain.java:166) ~[tomcat-embed-core-9.0.38.jar:9.0.38]
	at org.apache.catalina.core.StandardWrapperValve.invoke(StandardWrapperValve.java:202) ~[tomcat-embed-core-9.0.38.jar:9.0.38]
	at org.apache.catalina.core.StandardContextValve.invoke(StandardContextValve.java:97) [tomcat-embed-core-9.0.38.jar:9.0.38]
	at org.apache.catalina.authenticator.AuthenticatorBase.invoke(AuthenticatorBase.java:541) [tomcat-embed-core-9.0.38.jar:9.0.38]
	at org.apache.catalina.core.StandardHostValve.invoke(StandardHostValve.java:143) [tomcat-embed-core-9.0.38.jar:9.0.38]
	at org.apache.catalina.valves.ErrorReportValve.invoke(ErrorReportValve.java:92) [tomcat-embed-core-9.0.38.jar:9.0.38]
	at org.apache.catalina.core.StandardEngineValve.invoke(StandardEngineValve.java:78) [tomcat-embed-core-9.0.38.jar:9.0.38]
	at org.apache.catalina.connector.CoyoteAdapter.service(CoyoteAdapter.java:343) [tomcat-embed-core-9.0.38.jar:9.0.38]
	at org.apache.coyote.http11.Http11Processor.service(Http11Processor.java:374) [tomcat-embed-core-9.0.38.jar:9.0.38]
	at org.apache.coyote.AbstractProcessorLight.process(AbstractProcessorLight.java:65) [tomcat-embed-core-9.0.38.jar:9.0.38]
	at org.apache.coyote.AbstractProtocol$ConnectionHandler.process(AbstractProtocol.java:868) [tomcat-embed-core-9.0.38.jar:9.0.38]
	at org.apache.tomcat.util.net.NioEndpoint$SocketProcessor.doRun(NioEndpoint.java:1590) [tomcat-embed-core-9.0.38.jar:9.0.38]
	at org.apache.tomcat.util.net.SocketProcessorBase.run(SocketProcessorBase.java:49) [tomcat-embed-core-9.0.38.jar:9.0.38]
	at java.util.concurrent.ThreadPoolExecutor.runWorker(ThreadPoolExecutor.java:1149) [na:1.8.0_181]
	at java.util.concurrent.ThreadPoolExecutor$Worker.run(ThreadPoolExecutor.java:624) [na:1.8.0_181]
	at org.apache.tomcat.util.threads.TaskThread$WrappingRunnable.run(TaskThread.java:61) [tomcat-embed-core-9.0.38.jar:9.0.38]
	at java.lang.Thread.run(Thread.java:748) [na:1.8.0_181]

2020-10-24 00:06:37.575  INFO 6132 --- [AsyncResolver-bootstrap-executor-0] c.n.d.s.r.aws.ConfigClusterResolver      : Resolving eureka endpoints via configuration
2020-10-24 00:11:37.577  INFO 6132 --- [AsyncResolver-bootstrap-executor-0] c.n.d.s.r.aws.ConfigClusterResolver      : Resolving eureka endpoints via configuration
2020-10-24 00:13:24.382  INFO 6132 --- [RMI TCP Connection(26)-127.0.0.1] inMXBeanRegistrar$SpringApplicationAdmin : Application shutdown requested.
2020-10-24 00:13:24.383  INFO 6132 --- [RMI TCP Connection(26)-127.0.0.1] o.s.c.n.e.s.EurekaServiceRegistry        : Unregistering application SCW-WEBUI with eureka with status DOWN
2020-10-24 00:13:24.383  WARN 6132 --- [RMI TCP Connection(26)-127.0.0.1] com.netflix.discovery.DiscoveryClient    : Saw local status change event StatusChangeEvent [timestamp=1603469604383, current=DOWN, previous=UP]
2020-10-24 00:13:24.383  INFO 6132 --- [DiscoveryClient-InstanceInfoReplicator-0] com.netflix.discovery.DiscoveryClient    : DiscoveryClient_SCW-WEBUI/localhost:SCW-WEBUI:8080: registering service...
2020-10-24 00:13:24.389  INFO 6132 --- [DiscoveryClient-InstanceInfoReplicator-0] com.netflix.discovery.DiscoveryClient    : DiscoveryClient_SCW-WEBUI/localhost:SCW-WEBUI:8080 - registration status: 204
2020-10-24 00:13:26.467  INFO 6132 --- [RMI TCP Connection(26)-127.0.0.1] o.apache.catalina.core.StandardService   : Stopping service [Tomcat]
2020-10-24 00:13:26.473  INFO 6132 --- [RMI TCP Connection(26)-127.0.0.1] o.a.c.c.C.[Tomcat].[localhost].[/]       : Destroying Spring FrameworkServlet 'dispatcherServlet'
2020-10-24 00:13:26.494  WARN 6132 --- [RMI TCP Connection(26)-127.0.0.1] o.a.c.loader.WebappClassLoaderBase       : The web application [ROOT] appears to have started a thread named [RxIoScheduler-1 (Evictor)] but has failed to stop it. This is very likely to create a memory leak. Stack trace of thread:
 sun.misc.Unsafe.park(Native Method)
 java.util.concurrent.locks.LockSupport.parkNanos(LockSupport.java:215)
 java.util.concurrent.locks.AbstractQueuedSynchronizer$ConditionObject.awaitNanos(AbstractQueuedSynchronizer.java:2078)
 java.util.concurrent.ScheduledThreadPoolExecutor$DelayedWorkQueue.take(ScheduledThreadPoolExecutor.java:1093)
 java.util.concurrent.ScheduledThreadPoolExecutor$DelayedWorkQueue.take(ScheduledThreadPoolExecutor.java:809)
 java.util.concurrent.ThreadPoolExecutor.getTask(ThreadPoolExecutor.java:1074)
 java.util.concurrent.ThreadPoolExecutor.runWorker(ThreadPoolExecutor.java:1134)
 java.util.concurrent.ThreadPoolExecutor$Worker.run(ThreadPoolExecutor.java:624)
 java.lang.Thread.run(Thread.java:748)
2020-10-24 00:13:26.496  WARN 6132 --- [RMI TCP Connection(26)-127.0.0.1] o.a.c.loader.WebappClassLoaderBase       : The web application [ROOT] appears to have started a thread named [RxComputationScheduler-1] but has failed to stop it. This is very likely to create a memory leak. Stack trace of thread:
 sun.misc.Unsafe.park(Native Method)
 java.util.concurrent.locks.LockSupport.parkNanos(LockSupport.java:215)
 java.util.concurrent.locks.AbstractQueuedSynchronizer$ConditionObject.awaitNanos(AbstractQueuedSynchronizer.java:2078)
 java.util.concurrent.ScheduledThreadPoolExecutor$DelayedWorkQueue.take(ScheduledThreadPoolExecutor.java:1093)
 java.util.concurrent.ScheduledThreadPoolExecutor$DelayedWorkQueue.take(ScheduledThreadPoolExecutor.java:809)
 java.util.concurrent.ThreadPoolExecutor.getTask(ThreadPoolExecutor.java:1074)
 java.util.concurrent.ThreadPoolExecutor.runWorker(ThreadPoolExecutor.java:1134)
 java.util.concurrent.ThreadPoolExecutor$Worker.run(ThreadPoolExecutor.java:624)
 java.lang.Thread.run(Thread.java:748)
2020-10-24 00:13:26.497  WARN 6132 --- [RMI TCP Connection(26)-127.0.0.1] o.a.c.loader.WebappClassLoaderBase       : The web application [ROOT] appears to have started a thread named [HystrixTimer-1] but has failed to stop it. This is very likely to create a memory leak. Stack trace of thread:
 sun.misc.Unsafe.park(Native Method)
 java.util.concurrent.locks.LockSupport.park(LockSupport.java:175)
 java.util.concurrent.locks.AbstractQueuedSynchronizer$ConditionObject.await(AbstractQueuedSynchronizer.java:2039)
 java.util.concurrent.ScheduledThreadPoolExecutor$DelayedWorkQueue.take(ScheduledThreadPoolExecutor.java:1081)
 java.util.concurrent.ScheduledThreadPoolExecutor$DelayedWorkQueue.take(ScheduledThreadPoolExecutor.java:809)
 java.util.concurrent.ThreadPoolExecutor.getTask(ThreadPoolExecutor.java:1074)
 java.util.concurrent.ThreadPoolExecutor.runWorker(ThreadPoolExecutor.java:1134)
 java.util.concurrent.ThreadPoolExecutor$Worker.run(ThreadPoolExecutor.java:624)
 java.lang.Thread.run(Thread.java:748)
2020-10-24 00:13:26.498  WARN 6132 --- [RMI TCP Connection(26)-127.0.0.1] o.a.c.loader.WebappClassLoaderBase       : The web application [ROOT] appears to have started a thread named [hystrix-SCW-PROJECT-1] but has failed to stop it. This is very likely to create a memory leak. Stack trace of thread:
 sun.misc.Unsafe.park(Native Method)
 java.util.concurrent.locks.LockSupport.park(LockSupport.java:175)
 java.util.concurrent.SynchronousQueue$TransferStack.awaitFulfill(SynchronousQueue.java:458)
 java.util.concurrent.SynchronousQueue$TransferStack.transfer(SynchronousQueue.java:362)
 java.util.concurrent.SynchronousQueue.take(SynchronousQueue.java:924)
 java.util.concurrent.ThreadPoolExecutor.getTask(ThreadPoolExecutor.java:1074)
 java.util.concurrent.ThreadPoolExecutor.runWorker(ThreadPoolExecutor.java:1134)
 java.util.concurrent.ThreadPoolExecutor$Worker.run(ThreadPoolExecutor.java:624)
 java.lang.Thread.run(Thread.java:748)
2020-10-24 00:13:26.499  WARN 6132 --- [RMI TCP Connection(26)-127.0.0.1] o.a.c.loader.WebappClassLoaderBase       : The web application [ROOT] appears to have started a thread named [RibbonApacheHttpClientConfiguration.connectionManagerTimer] but has failed to stop it. This is very likely to create a memory leak. Stack trace of thread:
 java.lang.Object.wait(Native Method)
 java.util.TimerThread.mainLoop(Timer.java:552)
 java.util.TimerThread.run(Timer.java:505)
2020-10-24 00:13:26.500  WARN 6132 --- [RMI TCP Connection(26)-127.0.0.1] o.a.c.loader.WebappClassLoaderBase       : The web application [ROOT] appears to have started a thread named [NFLoadBalancer-PingTimer-SCW-PROJECT] but has failed to stop it. This is very likely to create a memory leak. Stack trace of thread:
 java.lang.Object.wait(Native Method)
 java.util.TimerThread.mainLoop(Timer.java:552)
 java.util.TimerThread.run(Timer.java:505)
2020-10-24 00:13:26.501  WARN 6132 --- [RMI TCP Connection(26)-127.0.0.1] o.a.c.loader.WebappClassLoaderBase       : The web application [ROOT] appears to have started a thread named [PollingServerListUpdater-0] but has failed to stop it. This is very likely to create a memory leak. Stack trace of thread:
 sun.misc.Unsafe.park(Native Method)
 java.util.concurrent.locks.LockSupport.parkNanos(LockSupport.java:215)
 java.util.concurrent.locks.AbstractQueuedSynchronizer$ConditionObject.awaitNanos(AbstractQueuedSynchronizer.java:2078)
 java.util.concurrent.ScheduledThreadPoolExecutor$DelayedWorkQueue.take(ScheduledThreadPoolExecutor.java:1093)
 java.util.concurrent.ScheduledThreadPoolExecutor$DelayedWorkQueue.take(ScheduledThreadPoolExecutor.java:809)
 java.util.concurrent.ThreadPoolExecutor.getTask(ThreadPoolExecutor.java:1074)
 java.util.concurrent.ThreadPoolExecutor.runWorker(ThreadPoolExecutor.java:1134)
 java.util.concurrent.ThreadPoolExecutor$Worker.run(ThreadPoolExecutor.java:624)
 java.lang.Thread.run(Thread.java:748)
2020-10-24 00:13:26.502  WARN 6132 --- [RMI TCP Connection(26)-127.0.0.1] o.a.c.loader.WebappClassLoaderBase       : The web application [ROOT] appears to have started a thread named [DataPublisher] but has failed to stop it. This is very likely to create a memory leak. Stack trace of thread:
 sun.misc.Unsafe.park(Native Method)
 java.util.concurrent.locks.LockSupport.parkNanos(LockSupport.java:215)
 java.util.concurrent.locks.AbstractQueuedSynchronizer$ConditionObject.awaitNanos(AbstractQueuedSynchronizer.java:2078)
 java.util.concurrent.ScheduledThreadPoolExecutor$DelayedWorkQueue.take(ScheduledThreadPoolExecutor.java:1093)
 java.util.concurrent.ScheduledThreadPoolExecutor$DelayedWorkQueue.take(ScheduledThreadPoolExecutor.java:809)
 java.util.concurrent.ThreadPoolExecutor.getTask(ThreadPoolExecutor.java:1074)
 java.util.concurrent.ThreadPoolExecutor.runWorker(ThreadPoolExecutor.java:1134)
 java.util.concurrent.ThreadPoolExecutor$Worker.run(ThreadPoolExecutor.java:624)
 java.lang.Thread.run(Thread.java:748)
2020-10-24 00:13:26.502  WARN 6132 --- [RMI TCP Connection(26)-127.0.0.1] o.a.c.loader.WebappClassLoaderBase       : The web application [ROOT] appears to have started a thread named [PollingServerListUpdater-1] but has failed to stop it. This is very likely to create a memory leak. Stack trace of thread:
 sun.misc.Unsafe.park(Native Method)
 java.util.concurrent.locks.LockSupport.park(LockSupport.java:175)
 java.util.concurrent.locks.AbstractQueuedSynchronizer$ConditionObject.await(AbstractQueuedSynchronizer.java:2039)
 java.util.concurrent.ScheduledThreadPoolExecutor$DelayedWorkQueue.take(ScheduledThreadPoolExecutor.java:1088)
 java.util.concurrent.ScheduledThreadPoolExecutor$DelayedWorkQueue.take(ScheduledThreadPoolExecutor.java:809)
 java.util.concurrent.ThreadPoolExecutor.getTask(ThreadPoolExecutor.java:1074)
 java.util.concurrent.ThreadPoolExecutor.runWorker(ThreadPoolExecutor.java:1134)
 java.util.concurrent.ThreadPoolExecutor$Worker.run(ThreadPoolExecutor.java:624)
 java.lang.Thread.run(Thread.java:748)
2020-10-24 00:13:26.504  WARN 6132 --- [RMI TCP Connection(26)-127.0.0.1] o.a.c.loader.WebappClassLoaderBase       : The web application [ROOT] appears to have started a thread named [RxComputationScheduler-2] but has failed to stop it. This is very likely to create a memory leak. Stack trace of thread:
 sun.misc.Unsafe.park(Native Method)
 java.util.concurrent.locks.LockSupport.parkNanos(LockSupport.java:215)
 java.util.concurrent.locks.AbstractQueuedSynchronizer$ConditionObject.awaitNanos(AbstractQueuedSynchronizer.java:2078)
 java.util.concurrent.ScheduledThreadPoolExecutor$DelayedWorkQueue.take(ScheduledThreadPoolExecutor.java:1093)
 java.util.concurrent.ScheduledThreadPoolExecutor$DelayedWorkQueue.take(ScheduledThreadPoolExecutor.java:809)
 java.util.concurrent.ThreadPoolExecutor.getTask(ThreadPoolExecutor.java:1074)
 java.util.concurrent.ThreadPoolExecutor.runWorker(ThreadPoolExecutor.java:1134)
 java.util.concurrent.ThreadPoolExecutor$Worker.run(ThreadPoolExecutor.java:624)
 java.lang.Thread.run(Thread.java:748)
2020-10-24 00:13:26.505  WARN 6132 --- [RMI TCP Connection(26)-127.0.0.1] o.a.c.loader.WebappClassLoaderBase       : The web application [ROOT] appears to have started a thread named [HystrixTimer-2] but has failed to stop it. This is very likely to create a memory leak. Stack trace of thread:
 sun.misc.Unsafe.park(Native Method)
 java.util.concurrent.locks.LockSupport.park(LockSupport.java:175)
 java.util.concurrent.locks.AbstractQueuedSynchronizer$ConditionObject.await(AbstractQueuedSynchronizer.java:2039)
 java.util.concurrent.ScheduledThreadPoolExecutor$DelayedWorkQueue.take(ScheduledThreadPoolExecutor.java:1081)
 java.util.concurrent.ScheduledThreadPoolExecutor$DelayedWorkQueue.take(ScheduledThreadPoolExecutor.java:809)
 java.util.concurrent.ThreadPoolExecutor.getTask(ThreadPoolExecutor.java:1074)
 java.util.concurrent.ThreadPoolExecutor.runWorker(ThreadPoolExecutor.java:1134)
 java.util.concurrent.ThreadPoolExecutor$Worker.run(ThreadPoolExecutor.java:624)
 java.lang.Thread.run(Thread.java:748)
2020-10-24 00:13:26.506  WARN 6132 --- [RMI TCP Connection(26)-127.0.0.1] o.a.c.loader.WebappClassLoaderBase       : The web application [ROOT] appears to have started a thread named [hystrix-SCW-USER-1] but has failed to stop it. This is very likely to create a memory leak. Stack trace of thread:
 sun.misc.Unsafe.park(Native Method)
 java.util.concurrent.locks.LockSupport.park(LockSupport.java:175)
 java.util.concurrent.SynchronousQueue$TransferStack.awaitFulfill(SynchronousQueue.java:458)
 java.util.concurrent.SynchronousQueue$TransferStack.transfer(SynchronousQueue.java:362)
 java.util.concurrent.SynchronousQueue.take(SynchronousQueue.java:924)
 java.util.concurrent.ThreadPoolExecutor.getTask(ThreadPoolExecutor.java:1074)
 java.util.concurrent.ThreadPoolExecutor.runWorker(ThreadPoolExecutor.java:1134)
 java.util.concurrent.ThreadPoolExecutor$Worker.run(ThreadPoolExecutor.java:624)
 java.lang.Thread.run(Thread.java:748)
2020-10-24 00:13:26.507  WARN 6132 --- [RMI TCP Connection(26)-127.0.0.1] o.a.c.loader.WebappClassLoaderBase       : The web application [ROOT] appears to have started a thread named [RibbonApacheHttpClientConfiguration.connectionManagerTimer] but has failed to stop it. This is very likely to create a memory leak. Stack trace of thread:
 java.lang.Object.wait(Native Method)
 java.util.TimerThread.mainLoop(Timer.java:552)
 java.util.TimerThread.run(Timer.java:505)
2020-10-24 00:13:26.508  WARN 6132 --- [RMI TCP Connection(26)-127.0.0.1] o.a.c.loader.WebappClassLoaderBase       : The web application [ROOT] appears to have started a thread named [NFLoadBalancer-PingTimer-SCW-USER] but has failed to stop it. This is very likely to create a memory leak. Stack trace of thread:
 java.lang.Object.wait(Native Method)
 java.util.TimerThread.mainLoop(Timer.java:552)
 java.util.TimerThread.run(Timer.java:505)
2020-10-24 00:13:26.509  WARN 6132 --- [RMI TCP Connection(26)-127.0.0.1] o.a.c.loader.WebappClassLoaderBase       : The web application [ROOT] appears to have started a thread named [HystrixTimer-3] but has failed to stop it. This is very likely to create a memory leak. Stack trace of thread:
 sun.misc.Unsafe.park(Native Method)
 java.util.concurrent.locks.LockSupport.park(LockSupport.java:175)
 java.util.concurrent.locks.AbstractQueuedSynchronizer$ConditionObject.await(AbstractQueuedSynchronizer.java:2039)
 java.util.concurrent.ScheduledThreadPoolExecutor$DelayedWorkQueue.take(ScheduledThreadPoolExecutor.java:1081)
 java.util.concurrent.ScheduledThreadPoolExecutor$DelayedWorkQueue.take(ScheduledThreadPoolExecutor.java:809)
 java.util.concurrent.ThreadPoolExecutor.getTask(ThreadPoolExecutor.java:1074)
 java.util.concurrent.ThreadPoolExecutor.runWorker(ThreadPoolExecutor.java:1134)
 java.util.concurrent.ThreadPoolExecutor$Worker.run(ThreadPoolExecutor.java:624)
 java.lang.Thread.run(Thread.java:748)
2020-10-24 00:13:26.510  WARN 6132 --- [RMI TCP Connection(26)-127.0.0.1] o.a.c.loader.WebappClassLoaderBase       : The web application [ROOT] appears to have started a thread named [hystrix-SCW-USER-2] but has failed to stop it. This is very likely to create a memory leak. Stack trace of thread:
 sun.misc.Unsafe.park(Native Method)
 java.util.concurrent.locks.LockSupport.park(LockSupport.java:175)
 java.util.concurrent.SynchronousQueue$TransferStack.awaitFulfill(SynchronousQueue.java:458)
 java.util.concurrent.SynchronousQueue$TransferStack.transfer(SynchronousQueue.java:362)
 java.util.concurrent.SynchronousQueue.take(SynchronousQueue.java:924)
 java.util.concurrent.ThreadPoolExecutor.getTask(ThreadPoolExecutor.java:1074)
 java.util.concurrent.ThreadPoolExecutor.runWorker(ThreadPoolExecutor.java:1134)
 java.util.concurrent.ThreadPoolExecutor$Worker.run(ThreadPoolExecutor.java:624)
 java.lang.Thread.run(Thread.java:748)
2020-10-24 00:13:26.511  WARN 6132 --- [RMI TCP Connection(26)-127.0.0.1] o.a.c.loader.WebappClassLoaderBase       : The web application [ROOT] appears to have started a thread named [HystrixTimer-4] but has failed to stop it. This is very likely to create a memory leak. Stack trace of thread:
 sun.misc.Unsafe.park(Native Method)
 java.util.concurrent.locks.LockSupport.park(LockSupport.java:175)
 java.util.concurrent.locks.AbstractQueuedSynchronizer$ConditionObject.await(AbstractQueuedSynchronizer.java:2039)
 java.util.concurrent.ScheduledThreadPoolExecutor$DelayedWorkQueue.take(ScheduledThreadPoolExecutor.java:1081)
 java.util.concurrent.ScheduledThreadPoolExecutor$DelayedWorkQueue.take(ScheduledThreadPoolExecutor.java:809)
 java.util.concurrent.ThreadPoolExecutor.getTask(ThreadPoolExecutor.java:1074)
 java.util.concurrent.ThreadPoolExecutor.runWorker(ThreadPoolExecutor.java:1134)
 java.util.concurrent.ThreadPoolExecutor$Worker.run(ThreadPoolExecutor.java:624)
 java.lang.Thread.run(Thread.java:748)
2020-10-24 00:13:26.512  WARN 6132 --- [RMI TCP Connection(26)-127.0.0.1] o.a.c.loader.WebappClassLoaderBase       : The web application [ROOT] appears to have started a thread named [hystrix-SCW-USER-3] but has failed to stop it. This is very likely to create a memory leak. Stack trace of thread:
 sun.misc.Unsafe.park(Native Method)
 java.util.concurrent.locks.LockSupport.park(LockSupport.java:175)
 java.util.concurrent.SynchronousQueue$TransferStack.awaitFulfill(SynchronousQueue.java:458)
 java.util.concurrent.SynchronousQueue$TransferStack.transfer(SynchronousQueue.java:362)
 java.util.concurrent.SynchronousQueue.take(SynchronousQueue.java:924)
 java.util.concurrent.ThreadPoolExecutor.getTask(ThreadPoolExecutor.java:1074)
 java.util.concurrent.ThreadPoolExecutor.runWorker(ThreadPoolExecutor.java:1134)
 java.util.concurrent.ThreadPoolExecutor$Worker.run(ThreadPoolExecutor.java:624)
 java.lang.Thread.run(Thread.java:748)
2020-10-24 00:13:26.513  WARN 6132 --- [RMI TCP Connection(26)-127.0.0.1] o.a.c.loader.WebappClassLoaderBase       : The web application [ROOT] appears to have started a thread named [hystrix-SCW-USER-4] but has failed to stop it. This is very likely to create a memory leak. Stack trace of thread:
 sun.misc.Unsafe.park(Native Method)
 java.util.concurrent.locks.LockSupport.park(LockSupport.java:175)
 java.util.concurrent.SynchronousQueue$TransferStack.awaitFulfill(SynchronousQueue.java:458)
 java.util.concurrent.SynchronousQueue$TransferStack.transfer(SynchronousQueue.java:362)
 java.util.concurrent.SynchronousQueue.take(SynchronousQueue.java:924)
 java.util.concurrent.ThreadPoolExecutor.getTask(ThreadPoolExecutor.java:1074)
 java.util.concurrent.ThreadPoolExecutor.runWorker(ThreadPoolExecutor.java:1134)
 java.util.concurrent.ThreadPoolExecutor$Worker.run(ThreadPoolExecutor.java:624)
 java.lang.Thread.run(Thread.java:748)
2020-10-24 00:13:26.514  WARN 6132 --- [RMI TCP Connection(26)-127.0.0.1] o.a.c.loader.WebappClassLoaderBase       : The web application [ROOT] appears to have started a thread named [RxComputationScheduler-3] but has failed to stop it. This is very likely to create a memory leak. Stack trace of thread:
 sun.misc.Unsafe.park(Native Method)
 java.util.concurrent.locks.LockSupport.parkNanos(LockSupport.java:215)
 java.util.concurrent.locks.AbstractQueuedSynchronizer$ConditionObject.awaitNanos(AbstractQueuedSynchronizer.java:2078)
 java.util.concurrent.ScheduledThreadPoolExecutor$DelayedWorkQueue.take(ScheduledThreadPoolExecutor.java:1093)
 java.util.concurrent.ScheduledThreadPoolExecutor$DelayedWorkQueue.take(ScheduledThreadPoolExecutor.java:809)
 java.util.concurrent.ThreadPoolExecutor.getTask(ThreadPoolExecutor.java:1074)
 java.util.concurrent.ThreadPoolExecutor.runWorker(ThreadPoolExecutor.java:1134)
 java.util.concurrent.ThreadPoolExecutor$Worker.run(ThreadPoolExecutor.java:624)
 java.lang.Thread.run(Thread.java:748)
2020-10-24 00:13:26.515  WARN 6132 --- [RMI TCP Connection(26)-127.0.0.1] o.a.c.loader.WebappClassLoaderBase       : The web application [ROOT] appears to have started a thread named [hystrix-SCW-PROJECT-2] but has failed to stop it. This is very likely to create a memory leak. Stack trace of thread:
 sun.misc.Unsafe.park(Native Method)
 java.util.concurrent.locks.LockSupport.park(LockSupport.java:175)
 java.util.concurrent.SynchronousQueue$TransferStack.awaitFulfill(SynchronousQueue.java:458)
 java.util.concurrent.SynchronousQueue$TransferStack.transfer(SynchronousQueue.java:362)
 java.util.concurrent.SynchronousQueue.take(SynchronousQueue.java:924)
 java.util.concurrent.ThreadPoolExecutor.getTask(ThreadPoolExecutor.java:1074)
 java.util.concurrent.ThreadPoolExecutor.runWorker(ThreadPoolExecutor.java:1134)
 java.util.concurrent.ThreadPoolExecutor$Worker.run(ThreadPoolExecutor.java:624)
 java.lang.Thread.run(Thread.java:748)
2020-10-24 00:13:26.516  WARN 6132 --- [RMI TCP Connection(26)-127.0.0.1] o.a.c.loader.WebappClassLoaderBase       : The web application [ROOT] appears to have started a thread named [RxComputationScheduler-4] but has failed to stop it. This is very likely to create a memory leak. Stack trace of thread:
 sun.misc.Unsafe.park(Native Method)
 java.util.concurrent.locks.LockSupport.parkNanos(LockSupport.java:215)
 java.util.concurrent.locks.AbstractQueuedSynchronizer$ConditionObject.awaitNanos(AbstractQueuedSynchronizer.java:2078)
 java.util.concurrent.ScheduledThreadPoolExecutor$DelayedWorkQueue.take(ScheduledThreadPoolExecutor.java:1093)
 java.util.concurrent.ScheduledThreadPoolExecutor$DelayedWorkQueue.take(ScheduledThreadPoolExecutor.java:809)
 java.util.concurrent.ThreadPoolExecutor.getTask(ThreadPoolExecutor.java:1074)
 java.util.concurrent.ThreadPoolExecutor.runWorker(ThreadPoolExecutor.java:1134)
 java.util.concurrent.ThreadPoolExecutor$Worker.run(ThreadPoolExecutor.java:624)
 java.lang.Thread.run(Thread.java:748)
2020-10-24 00:13:26.518  WARN 6132 --- [RMI TCP Connection(26)-127.0.0.1] o.a.c.loader.WebappClassLoaderBase       : The web application [ROOT] appears to have started a thread named [hystrix-SCW-PROJECT-3] but has failed to stop it. This is very likely to create a memory leak. Stack trace of thread:
 sun.misc.Unsafe.park(Native Method)
 java.util.concurrent.locks.LockSupport.park(LockSupport.java:175)
 java.util.concurrent.SynchronousQueue$TransferStack.awaitFulfill(SynchronousQueue.java:458)
 java.util.concurrent.SynchronousQueue$TransferStack.transfer(SynchronousQueue.java:362)
 java.util.concurrent.SynchronousQueue.take(SynchronousQueue.java:924)
 java.util.concurrent.ThreadPoolExecutor.getTask(ThreadPoolExecutor.java:1074)
 java.util.concurrent.ThreadPoolExecutor.runWorker(ThreadPoolExecutor.java:1134)
 java.util.concurrent.ThreadPoolExecutor$Worker.run(ThreadPoolExecutor.java:624)
 java.lang.Thread.run(Thread.java:748)
2020-10-24 00:13:26.519  WARN 6132 --- [RMI TCP Connection(26)-127.0.0.1] o.a.c.loader.WebappClassLoaderBase       : The web application [ROOT] appears to have started a thread named [hystrix-SCW-USER-5] but has failed to stop it. This is very likely to create a memory leak. Stack trace of thread:
 sun.misc.Unsafe.park(Native Method)
 java.util.concurrent.locks.LockSupport.park(LockSupport.java:175)
 java.util.concurrent.SynchronousQueue$TransferStack.awaitFulfill(SynchronousQueue.java:458)
 java.util.concurrent.SynchronousQueue$TransferStack.transfer(SynchronousQueue.java:362)
 java.util.concurrent.SynchronousQueue.take(SynchronousQueue.java:924)
 java.util.concurrent.ThreadPoolExecutor.getTask(ThreadPoolExecutor.java:1074)
 java.util.concurrent.ThreadPoolExecutor.runWorker(ThreadPoolExecutor.java:1134)
 java.util.concurrent.ThreadPoolExecutor$Worker.run(ThreadPoolExecutor.java:624)
 java.lang.Thread.run(Thread.java:748)
2020-10-24 00:13:26.521  WARN 6132 --- [RMI TCP Connection(26)-127.0.0.1] o.a.c.loader.WebappClassLoaderBase       : The web application [ROOT] appears to have started a thread named [hystrix-SCW-USER-6] but has failed to stop it. This is very likely to create a memory leak. Stack trace of thread:
 sun.misc.Unsafe.park(Native Method)
 java.util.concurrent.locks.LockSupport.park(LockSupport.java:175)
 java.util.concurrent.SynchronousQueue$TransferStack.awaitFulfill(SynchronousQueue.java:458)
 java.util.concurrent.SynchronousQueue$TransferStack.transfer(SynchronousQueue.java:362)
 java.util.concurrent.SynchronousQueue.take(SynchronousQueue.java:924)
 java.util.concurrent.ThreadPoolExecutor.getTask(ThreadPoolExecutor.java:1074)
 java.util.concurrent.ThreadPoolExecutor.runWorker(ThreadPoolExecutor.java:1134)
 java.util.concurrent.ThreadPoolExecutor$Worker.run(ThreadPoolExecutor.java:624)
 java.lang.Thread.run(Thread.java:748)
2020-10-24 00:13:26.522  WARN 6132 --- [RMI TCP Connection(26)-127.0.0.1] o.a.c.loader.WebappClassLoaderBase       : The web application [ROOT] appears to have started a thread named [hystrix-SCW-ORDER-1] but has failed to stop it. This is very likely to create a memory leak. Stack trace of thread:
 sun.misc.Unsafe.park(Native Method)
 java.util.concurrent.locks.LockSupport.park(LockSupport.java:175)
 java.util.concurrent.SynchronousQueue$TransferStack.awaitFulfill(SynchronousQueue.java:458)
 java.util.concurrent.SynchronousQueue$TransferStack.transfer(SynchronousQueue.java:362)
 java.util.concurrent.SynchronousQueue.take(SynchronousQueue.java:924)
 java.util.concurrent.ThreadPoolExecutor.getTask(ThreadPoolExecutor.java:1074)
 java.util.concurrent.ThreadPoolExecutor.runWorker(ThreadPoolExecutor.java:1134)
 java.util.concurrent.ThreadPoolExecutor$Worker.run(ThreadPoolExecutor.java:624)
 java.lang.Thread.run(Thread.java:748)
2020-10-24 00:13:26.524  WARN 6132 --- [RMI TCP Connection(26)-127.0.0.1] o.a.c.loader.WebappClassLoaderBase       : The web application [ROOT] appears to have started a thread named [RibbonApacheHttpClientConfiguration.connectionManagerTimer] but has failed to stop it. This is very likely to create a memory leak. Stack trace of thread:
 java.lang.Object.wait(Native Method)
 java.util.TimerThread.mainLoop(Timer.java:552)
 java.util.TimerThread.run(Timer.java:505)
2020-10-24 00:13:26.525  WARN 6132 --- [RMI TCP Connection(26)-127.0.0.1] o.a.c.loader.WebappClassLoaderBase       : The web application [ROOT] appears to have started a thread named [NFLoadBalancer-PingTimer-SCW-ORDER] but has failed to stop it. This is very likely to create a memory leak. Stack trace of thread:
 java.lang.Object.wait(Native Method)
 java.util.TimerThread.mainLoop(Timer.java:552)
 java.util.TimerThread.run(Timer.java:505)
2020-10-24 00:13:26.526  WARN 6132 --- [RMI TCP Connection(26)-127.0.0.1] o.a.c.loader.WebappClassLoaderBase       : The web application [ROOT] appears to have started a thread named [hystrix-SCW-ORDER-2] but has failed to stop it. This is very likely to create a memory leak. Stack trace of thread:
 sun.misc.Unsafe.park(Native Method)
 java.util.concurrent.locks.LockSupport.park(LockSupport.java:175)
 java.util.concurrent.SynchronousQueue$TransferStack.awaitFulfill(SynchronousQueue.java:458)
 java.util.concurrent.SynchronousQueue$TransferStack.transfer(SynchronousQueue.java:362)
 java.util.concurrent.SynchronousQueue.take(SynchronousQueue.java:924)
 java.util.concurrent.ThreadPoolExecutor.getTask(ThreadPoolExecutor.java:1074)
 java.util.concurrent.ThreadPoolExecutor.runWorker(ThreadPoolExecutor.java:1134)
 java.util.concurrent.ThreadPoolExecutor$Worker.run(ThreadPoolExecutor.java:624)
 java.lang.Thread.run(Thread.java:748)
2020-10-24 00:13:26.571  INFO 6132 --- [RMI TCP Connection(26)-127.0.0.1] o.s.s.concurrent.ThreadPoolTaskExecutor  : Shutting down ExecutorService 'applicationTaskExecutor'
2020-10-24 00:13:26.585  INFO 6132 --- [RMI TCP Connection(26)-127.0.0.1] c.n.u.concurrent.ShutdownEnabledTimer    : Shutdown hook removed for: NFLoadBalancer-PingTimer-SCW-PROJECT
2020-10-24 00:13:26.590  INFO 6132 --- [RMI TCP Connection(26)-127.0.0.1] c.n.u.concurrent.ShutdownEnabledTimer    : Shutdown hook removed for: NFLoadBalancer-PingTimer-SCW-USER
2020-10-24 00:13:26.593  INFO 6132 --- [RMI TCP Connection(26)-127.0.0.1] c.n.u.concurrent.ShutdownEnabledTimer    : Shutdown hook removed for: NFLoadBalancer-PingTimer-SCW-ORDER
2020-10-24 00:13:26.746  INFO 6132 --- [RMI TCP Connection(26)-127.0.0.1] com.netflix.discovery.DiscoveryClient    : Shutting down DiscoveryClient ...
2020-10-24 00:13:27.612  INFO 6132 --- [Thread-14] c.n.l.PollingServerListUpdater           : Shutting down the Executor Pool for PollingServerListUpdater
2020-10-24 00:13:29.776  INFO 6132 --- [RMI TCP Connection(26)-127.0.0.1] com.netflix.discovery.DiscoveryClient    : Unregistering ...
2020-10-24 00:13:29.786  INFO 6132 --- [RMI TCP Connection(26)-127.0.0.1] com.netflix.discovery.DiscoveryClient    : DiscoveryClient_SCW-WEBUI/localhost:SCW-WEBUI:8080 - deregister  status: 200
2020-10-24 00:13:29.806  INFO 6132 --- [RMI TCP Connection(26)-127.0.0.1] com.netflix.discovery.DiscoveryClient    : Completed shut down of DiscoveryClient
2020-10-24 00:13:45.375  INFO 6548 --- [main] com.atguigu.scw.ScwWebuiApplication      : No active profile set, falling back to default profiles: default
2020-10-24 00:13:46.278  INFO 6548 --- [main] .s.d.r.c.RepositoryConfigurationDelegate : Multiple Spring Data modules found, entering strict repository configuration mode!
2020-10-24 00:13:46.280  INFO 6548 --- [main] .s.d.r.c.RepositoryConfigurationDelegate : Bootstrapping Spring Data Redis repositories in DEFAULT mode.
2020-10-24 00:13:46.316  INFO 6548 --- [main] .s.d.r.c.RepositoryConfigurationDelegate : Finished Spring Data repository scanning in 20ms. Found 0 Redis repository interfaces.
2020-10-24 00:13:46.681  INFO 6548 --- [main] o.s.cloud.context.scope.GenericScope     : BeanFactory id=434332f0-43a6-343c-a859-b71e534d56d7
2020-10-24 00:13:46.703  INFO 6548 --- [main] trationDelegate$BeanPostProcessorChecker : Bean 'com.atguigu.scw.webui.service.TMemberServiceFeign' of type [org.springframework.cloud.openfeign.FeignClientFactoryBean] is not eligible for getting processed by all BeanPostProcessors (for example: not eligible for auto-proxying)
2020-10-24 00:13:46.705  INFO 6548 --- [main] trationDelegate$BeanPostProcessorChecker : Bean 'com.atguigu.scw.webui.service.TOrderServiceFeign' of type [org.springframework.cloud.openfeign.FeignClientFactoryBean] is not eligible for getting processed by all BeanPostProcessors (for example: not eligible for auto-proxying)
2020-10-24 00:13:46.706  INFO 6548 --- [main] trationDelegate$BeanPostProcessorChecker : Bean 'com.atguigu.scw.webui.service.TProjectServiceFeign' of type [org.springframework.cloud.openfeign.FeignClientFactoryBean] is not eligible for getting processed by all BeanPostProcessors (for example: not eligible for auto-proxying)
2020-10-24 00:13:47.344  INFO 6548 --- [main] o.s.b.w.embedded.tomcat.TomcatWebServer  : Tomcat initialized with port(s): 8080 (http)
2020-10-24 00:13:47.358  INFO 6548 --- [main] o.apache.catalina.core.StandardService   : Starting service [Tomcat]
2020-10-24 00:13:47.358  INFO 6548 --- [main] org.apache.catalina.core.StandardEngine  : Starting Servlet engine: [Apache Tomcat/9.0.38]
2020-10-24 00:13:47.592  INFO 6548 --- [main] o.a.c.c.C.[Tomcat].[localhost].[/]       : Initializing Spring embedded WebApplicationContext
2020-10-24 00:13:47.592  INFO 6548 --- [main] w.s.c.ServletWebServerApplicationContext : Root WebApplicationContext: initialization completed in 2185 ms
2020-10-24 00:13:48.617  WARN 6548 --- [main] c.n.c.sources.URLConfigurationSource     : No URLs will be polled as dynamic configuration sources.
2020-10-24 00:13:48.618  INFO 6548 --- [main] c.n.c.sources.URLConfigurationSource     : To enable URLs as dynamic configuration sources, define System property archaius.configurationSource.additionalUrls or make config.properties available on classpath.
2020-10-24 00:13:48.623  WARN 6548 --- [main] c.n.c.sources.URLConfigurationSource     : No URLs will be polled as dynamic configuration sources.
2020-10-24 00:13:48.624  INFO 6548 --- [main] c.n.c.sources.URLConfigurationSource     : To enable URLs as dynamic configuration sources, define System property archaius.configurationSource.additionalUrls or make config.properties available on classpath.
2020-10-24 00:13:48.859  INFO 6548 --- [main] o.s.s.concurrent.ThreadPoolTaskExecutor  : Initializing ExecutorService 'applicationTaskExecutor'
2020-10-24 00:13:48.946  INFO 6548 --- [main] o.s.b.a.w.s.WelcomePageHandlerMapping    : Adding welcome page template: index
2020-10-24 00:13:57.442  INFO 6548 --- [main] o.s.cloud.commons.util.InetUtils         : Cannot determine local hostname
2020-10-24 00:13:57.488  INFO 6548 --- [main] DiscoveryClientOptionalArgsConfiguration : Eureka HTTP Client uses Jersey
2020-10-24 00:14:01.433  INFO 6548 --- [main] o.s.cloud.commons.util.InetUtils         : Cannot determine local hostname
2020-10-24 00:14:01.455  WARN 6548 --- [main] ockingLoadBalancerClientRibbonWarnLogger : You already have RibbonLoadBalancerClient on your classpath. It will be used by default. As Spring Cloud Ribbon is in maintenance mode. We recommend switching to BlockingLoadBalancerClient instead. In order to use it, set the value of `spring.cloud.loadbalancer.ribbon.enabled` to `false` or remove spring-cloud-starter-netflix-ribbon from your project.
2020-10-24 00:14:01.640  INFO 6548 --- [main] o.s.c.n.eureka.InstanceInfoFactory       : Setting initial instance status as: STARTING
2020-10-24 00:14:01.686  INFO 6548 --- [main] com.netflix.discovery.DiscoveryClient    : Initializing Eureka in region us-east-1
2020-10-24 00:14:04.078  INFO 6548 --- [main] c.n.d.provider.DiscoveryJerseyProvider   : Using JSON encoding codec LegacyJacksonJson
2020-10-24 00:14:04.078  INFO 6548 --- [main] c.n.d.provider.DiscoveryJerseyProvider   : Using JSON decoding codec LegacyJacksonJson
2020-10-24 00:14:04.258  INFO 6548 --- [main] c.n.d.provider.DiscoveryJerseyProvider   : Using XML encoding codec XStreamXml
2020-10-24 00:14:04.259  INFO 6548 --- [main] c.n.d.provider.DiscoveryJerseyProvider   : Using XML decoding codec XStreamXml
2020-10-24 00:14:04.489  INFO 6548 --- [main] c.n.d.s.r.aws.ConfigClusterResolver      : Resolving eureka endpoints via configuration
2020-10-24 00:14:06.323  INFO 6548 --- [main] com.netflix.discovery.DiscoveryClient    : Disable delta property : false
2020-10-24 00:14:06.323  INFO 6548 --- [main] com.netflix.discovery.DiscoveryClient    : Single vip registry refresh property : null
2020-10-24 00:14:06.323  INFO 6548 --- [main] com.netflix.discovery.DiscoveryClient    : Force full registry fetch : false
2020-10-24 00:14:06.324  INFO 6548 --- [main] com.netflix.discovery.DiscoveryClient    : Application is null : false
2020-10-24 00:14:06.324  INFO 6548 --- [main] com.netflix.discovery.DiscoveryClient    : Registered Applications size is zero : true
2020-10-24 00:14:06.324  INFO 6548 --- [main] com.netflix.discovery.DiscoveryClient    : Application version is -1: true
2020-10-24 00:14:06.324  INFO 6548 --- [main] com.netflix.discovery.DiscoveryClient    : Getting all instance registry info from the eureka server
2020-10-24 00:14:06.701  INFO 6548 --- [main] com.netflix.discovery.DiscoveryClient    : The response status is 200
2020-10-24 00:14:06.704  INFO 6548 --- [main] com.netflix.discovery.DiscoveryClient    : Starting heartbeat executor: renew interval is: 30
2020-10-24 00:14:06.707  INFO 6548 --- [main] c.n.discovery.InstanceInfoReplicator     : InstanceInfoReplicator onDemand update allowed rate per min is 4
2020-10-24 00:14:06.713  INFO 6548 --- [main] com.netflix.discovery.DiscoveryClient    : Discovery Client initialized at timestamp 1603469646712 with initial instances count: 3
2020-10-24 00:14:06.717  INFO 6548 --- [main] o.s.c.n.e.s.EurekaServiceRegistry        : Registering application SCW-WEBUI with eureka with status UP
2020-10-24 00:14:06.718  INFO 6548 --- [main] com.netflix.discovery.DiscoveryClient    : Saw local status change event StatusChangeEvent [timestamp=1603469646718, current=UP, previous=STARTING]
2020-10-24 00:14:06.721  INFO 6548 --- [DiscoveryClient-InstanceInfoReplicator-0] com.netflix.discovery.DiscoveryClient    : DiscoveryClient_SCW-WEBUI/localhost:SCW-WEBUI:8080: registering service...
2020-10-24 00:14:06.748  INFO 6548 --- [main] o.s.b.w.embedded.tomcat.TomcatWebServer  : Tomcat started on port(s): 8080 (http) with context path ''
2020-10-24 00:14:06.749  INFO 6548 --- [main] .s.c.n.e.s.EurekaAutoServiceRegistration : Updating port to 8080
2020-10-24 00:14:06.780  INFO 6548 --- [DiscoveryClient-InstanceInfoReplicator-0] com.netflix.discovery.DiscoveryClient    : DiscoveryClient_SCW-WEBUI/localhost:SCW-WEBUI:8080 - registration status: 204
2020-10-24 00:14:10.450  INFO 6548 --- [main] o.s.cloud.commons.util.InetUtils         : Cannot determine local hostname
2020-10-24 00:14:11.029  INFO 6548 --- [main] s.a.ScheduledAnnotationBeanPostProcessor : No TaskScheduler/ScheduledExecutorService bean found for scheduled processing
2020-10-24 00:14:11.038  INFO 6548 --- [main] com.atguigu.scw.ScwWebuiApplication      : Started ScwWebuiApplication in 34.553 seconds (JVM running for 37.775)
2020-10-24 00:18:15.700  INFO 6548 --- [RMI TCP Connection(14)-127.0.0.1] inMXBeanRegistrar$SpringApplicationAdmin : Application shutdown requested.
2020-10-24 00:18:15.704  INFO 6548 --- [RMI TCP Connection(14)-127.0.0.1] o.s.c.n.e.s.EurekaServiceRegistry        : Unregistering application SCW-WEBUI with eureka with status DOWN
2020-10-24 00:18:15.704  WARN 6548 --- [RMI TCP Connection(14)-127.0.0.1] com.netflix.discovery.DiscoveryClient    : Saw local status change event StatusChangeEvent [timestamp=1603469895704, current=DOWN, previous=UP]
2020-10-24 00:18:15.708  INFO 6548 --- [DiscoveryClient-InstanceInfoReplicator-0] com.netflix.discovery.DiscoveryClient    : DiscoveryClient_SCW-WEBUI/localhost:SCW-WEBUI:8080: registering service...
2020-10-24 00:18:15.720  INFO 6548 --- [DiscoveryClient-InstanceInfoReplicator-0] com.netflix.discovery.DiscoveryClient    : DiscoveryClient_SCW-WEBUI/localhost:SCW-WEBUI:8080 - registration status: 204
2020-10-24 00:18:17.578  INFO 6548 --- [RMI TCP Connection(14)-127.0.0.1] o.apache.catalina.core.StandardService   : Stopping service [Tomcat]
2020-10-24 00:18:17.631  INFO 6548 --- [RMI TCP Connection(14)-127.0.0.1] o.s.s.concurrent.ThreadPoolTaskExecutor  : Shutting down ExecutorService 'applicationTaskExecutor'
2020-10-24 00:18:17.654  WARN 6548 --- [RMI TCP Connection(14)-127.0.0.1] c.n.c.sources.URLConfigurationSource     : No URLs will be polled as dynamic configuration sources.
2020-10-24 00:18:17.655  INFO 6548 --- [RMI TCP Connection(14)-127.0.0.1] c.n.c.sources.URLConfigurationSource     : To enable URLs as dynamic configuration sources, define System property archaius.configurationSource.additionalUrls or make config.properties available on classpath.
2020-10-24 00:18:17.779  INFO 6548 --- [RMI TCP Connection(14)-127.0.0.1] com.netflix.discovery.DiscoveryClient    : Shutting down DiscoveryClient ...
2020-10-24 00:18:20.783  INFO 6548 --- [RMI TCP Connection(14)-127.0.0.1] com.netflix.discovery.DiscoveryClient    : Unregistering ...
2020-10-24 00:18:20.790  INFO 6548 --- [RMI TCP Connection(14)-127.0.0.1] com.netflix.discovery.DiscoveryClient    : DiscoveryClient_SCW-WEBUI/localhost:SCW-WEBUI:8080 - deregister  status: 200
2020-10-24 00:18:20.807  INFO 6548 --- [RMI TCP Connection(14)-127.0.0.1] com.netflix.discovery.DiscoveryClient    : Completed shut down of DiscoveryClient
2020-10-24 00:19:37.938  INFO 2888 --- [main] com.atguigu.scw.ScwWebuiApplication      : No active profile set, falling back to default profiles: default
2020-10-24 00:19:38.712  INFO 2888 --- [main] .s.d.r.c.RepositoryConfigurationDelegate : Multiple Spring Data modules found, entering strict repository configuration mode!
2020-10-24 00:19:38.714  INFO 2888 --- [main] .s.d.r.c.RepositoryConfigurationDelegate : Bootstrapping Spring Data Redis repositories in DEFAULT mode.
2020-10-24 00:19:38.808  INFO 2888 --- [main] .s.d.r.c.RepositoryConfigurationDelegate : Finished Spring Data repository scanning in 65ms. Found 0 Redis repository interfaces.
2020-10-24 00:19:39.183  INFO 2888 --- [main] o.s.cloud.context.scope.GenericScope     : BeanFactory id=434332f0-43a6-343c-a859-b71e534d56d7
2020-10-24 00:19:39.207  INFO 2888 --- [main] trationDelegate$BeanPostProcessorChecker : Bean 'com.atguigu.scw.webui.service.TMemberServiceFeign' of type [org.springframework.cloud.openfeign.FeignClientFactoryBean] is not eligible for getting processed by all BeanPostProcessors (for example: not eligible for auto-proxying)
2020-10-24 00:19:39.209  INFO 2888 --- [main] trationDelegate$BeanPostProcessorChecker : Bean 'com.atguigu.scw.webui.service.TOrderServiceFeign' of type [org.springframework.cloud.openfeign.FeignClientFactoryBean] is not eligible for getting processed by all BeanPostProcessors (for example: not eligible for auto-proxying)
2020-10-24 00:19:39.210  INFO 2888 --- [main] trationDelegate$BeanPostProcessorChecker : Bean 'com.atguigu.scw.webui.service.TProjectServiceFeign' of type [org.springframework.cloud.openfeign.FeignClientFactoryBean] is not eligible for getting processed by all BeanPostProcessors (for example: not eligible for auto-proxying)
2020-10-24 00:19:39.856  INFO 2888 --- [main] o.s.b.w.embedded.tomcat.TomcatWebServer  : Tomcat initialized with port(s): 80 (http)
2020-10-24 00:19:39.870  INFO 2888 --- [main] o.apache.catalina.core.StandardService   : Starting service [Tomcat]
2020-10-24 00:19:39.870  INFO 2888 --- [main] org.apache.catalina.core.StandardEngine  : Starting Servlet engine: [Apache Tomcat/9.0.38]
2020-10-24 00:19:40.129  INFO 2888 --- [main] o.a.c.c.C.[Tomcat].[localhost].[/]       : Initializing Spring embedded WebApplicationContext
2020-10-24 00:19:40.130  INFO 2888 --- [main] w.s.c.ServletWebServerApplicationContext : Root WebApplicationContext: initialization completed in 2164 ms
2020-10-24 00:19:41.341  WARN 2888 --- [main] c.n.c.sources.URLConfigurationSource     : No URLs will be polled as dynamic configuration sources.
2020-10-24 00:19:41.342  INFO 2888 --- [main] c.n.c.sources.URLConfigurationSource     : To enable URLs as dynamic configuration sources, define System property archaius.configurationSource.additionalUrls or make config.properties available on classpath.
2020-10-24 00:19:41.352  WARN 2888 --- [main] c.n.c.sources.URLConfigurationSource     : No URLs will be polled as dynamic configuration sources.
2020-10-24 00:19:41.353  INFO 2888 --- [main] c.n.c.sources.URLConfigurationSource     : To enable URLs as dynamic configuration sources, define System property archaius.configurationSource.additionalUrls or make config.properties available on classpath.
2020-10-24 00:19:41.614  INFO 2888 --- [main] o.s.s.concurrent.ThreadPoolTaskExecutor  : Initializing ExecutorService 'applicationTaskExecutor'
2020-10-24 00:19:41.704  INFO 2888 --- [main] o.s.b.a.w.s.WelcomePageHandlerMapping    : Adding welcome page template: index
2020-10-24 00:19:50.909  INFO 2888 --- [main] o.s.cloud.commons.util.InetUtils         : Cannot determine local hostname
2020-10-24 00:19:50.961  INFO 2888 --- [main] DiscoveryClientOptionalArgsConfiguration : Eureka HTTP Client uses Jersey
2020-10-24 00:19:55.059  INFO 2888 --- [main] o.s.cloud.commons.util.InetUtils         : Cannot determine local hostname
2020-10-24 00:19:55.093  WARN 2888 --- [main] ockingLoadBalancerClientRibbonWarnLogger : You already have RibbonLoadBalancerClient on your classpath. It will be used by default. As Spring Cloud Ribbon is in maintenance mode. We recommend switching to BlockingLoadBalancerClient instead. In order to use it, set the value of `spring.cloud.loadbalancer.ribbon.enabled` to `false` or remove spring-cloud-starter-netflix-ribbon from your project.
2020-10-24 00:19:55.281  INFO 2888 --- [main] o.s.c.n.eureka.InstanceInfoFactory       : Setting initial instance status as: STARTING
2020-10-24 00:19:55.329  INFO 2888 --- [main] com.netflix.discovery.DiscoveryClient    : Initializing Eureka in region us-east-1
2020-10-24 00:19:57.737  INFO 2888 --- [main] c.n.d.provider.DiscoveryJerseyProvider   : Using JSON encoding codec LegacyJacksonJson
2020-10-24 00:19:57.737  INFO 2888 --- [main] c.n.d.provider.DiscoveryJerseyProvider   : Using JSON decoding codec LegacyJacksonJson
2020-10-24 00:19:57.903  INFO 2888 --- [main] c.n.d.provider.DiscoveryJerseyProvider   : Using XML encoding codec XStreamXml
2020-10-24 00:19:57.903  INFO 2888 --- [main] c.n.d.provider.DiscoveryJerseyProvider   : Using XML decoding codec XStreamXml
2020-10-24 00:19:58.124  INFO 2888 --- [main] c.n.d.s.r.aws.ConfigClusterResolver      : Resolving eureka endpoints via configuration
2020-10-24 00:20:00.108  INFO 2888 --- [main] com.netflix.discovery.DiscoveryClient    : Disable delta property : false
2020-10-24 00:20:00.108  INFO 2888 --- [main] com.netflix.discovery.DiscoveryClient    : Single vip registry refresh property : null
2020-10-24 00:20:00.109  INFO 2888 --- [main] com.netflix.discovery.DiscoveryClient    : Force full registry fetch : false
2020-10-24 00:20:00.109  INFO 2888 --- [main] com.netflix.discovery.DiscoveryClient    : Application is null : false
2020-10-24 00:20:00.109  INFO 2888 --- [main] com.netflix.discovery.DiscoveryClient    : Registered Applications size is zero : true
2020-10-24 00:20:00.109  INFO 2888 --- [main] com.netflix.discovery.DiscoveryClient    : Application version is -1: true
2020-10-24 00:20:00.109  INFO 2888 --- [main] com.netflix.discovery.DiscoveryClient    : Getting all instance registry info from the eureka server
2020-10-24 00:20:00.378  INFO 2888 --- [main] com.netflix.discovery.DiscoveryClient    : The response status is 200
2020-10-24 00:20:00.383  INFO 2888 --- [main] com.netflix.discovery.DiscoveryClient    : Starting heartbeat executor: renew interval is: 30
2020-10-24 00:20:00.386  INFO 2888 --- [main] c.n.discovery.InstanceInfoReplicator     : InstanceInfoReplicator onDemand update allowed rate per min is 4
2020-10-24 00:20:00.399  INFO 2888 --- [main] com.netflix.discovery.DiscoveryClient    : Discovery Client initialized at timestamp 1603470000397 with initial instances count: 3
2020-10-24 00:20:00.405  INFO 2888 --- [main] o.s.c.n.e.s.EurekaServiceRegistry        : Registering application SCW-WEBUI with eureka with status UP
2020-10-24 00:20:00.406  INFO 2888 --- [main] com.netflix.discovery.DiscoveryClient    : Saw local status change event StatusChangeEvent [timestamp=1603470000406, current=UP, previous=STARTING]
2020-10-24 00:20:00.409  INFO 2888 --- [DiscoveryClient-InstanceInfoReplicator-0] com.netflix.discovery.DiscoveryClient    : DiscoveryClient_SCW-WEBUI/localhost:SCW-WEBUI:80: registering service...
2020-10-24 00:20:00.439  INFO 2888 --- [main] o.s.b.w.embedded.tomcat.TomcatWebServer  : Tomcat started on port(s): 80 (http) with context path ''
2020-10-24 00:20:00.441  INFO 2888 --- [main] .s.c.n.e.s.EurekaAutoServiceRegistration : Updating port to 80
2020-10-24 00:20:00.468  INFO 2888 --- [DiscoveryClient-InstanceInfoReplicator-0] com.netflix.discovery.DiscoveryClient    : DiscoveryClient_SCW-WEBUI/localhost:SCW-WEBUI:80 - registration status: 204
2020-10-24 00:20:04.987  INFO 2888 --- [main] o.s.cloud.commons.util.InetUtils         : Cannot determine local hostname
2020-10-24 00:20:05.563  INFO 2888 --- [main] s.a.ScheduledAnnotationBeanPostProcessor : No TaskScheduler/ScheduledExecutorService bean found for scheduled processing
2020-10-24 00:20:05.571  INFO 2888 --- [main] com.atguigu.scw.ScwWebuiApplication      : Started ScwWebuiApplication in 36.568 seconds (JVM running for 40.456)
2020-10-24 00:24:50.149  INFO 2888 --- [RMI TCP Connection(15)-127.0.0.1] inMXBeanRegistrar$SpringApplicationAdmin : Application shutdown requested.
2020-10-24 00:24:50.152  INFO 2888 --- [RMI TCP Connection(15)-127.0.0.1] o.s.c.n.e.s.EurekaServiceRegistry        : Unregistering application SCW-WEBUI with eureka with status DOWN
2020-10-24 00:24:50.152  WARN 2888 --- [RMI TCP Connection(15)-127.0.0.1] com.netflix.discovery.DiscoveryClient    : Saw local status change event StatusChangeEvent [timestamp=1603470290152, current=DOWN, previous=UP]
2020-10-24 00:24:50.152  INFO 2888 --- [DiscoveryClient-InstanceInfoReplicator-0] com.netflix.discovery.DiscoveryClient    : DiscoveryClient_SCW-WEBUI/localhost:SCW-WEBUI:80: registering service...
2020-10-24 00:24:50.164  INFO 2888 --- [DiscoveryClient-InstanceInfoReplicator-0] com.netflix.discovery.DiscoveryClient    : DiscoveryClient_SCW-WEBUI/localhost:SCW-WEBUI:80 - registration status: 204
2020-10-24 00:24:52.008  INFO 2888 --- [RMI TCP Connection(15)-127.0.0.1] o.apache.catalina.core.StandardService   : Stopping service [Tomcat]
2020-10-24 00:24:52.062  INFO 2888 --- [RMI TCP Connection(15)-127.0.0.1] o.s.s.concurrent.ThreadPoolTaskExecutor  : Shutting down ExecutorService 'applicationTaskExecutor'
2020-10-24 00:24:52.084  WARN 2888 --- [RMI TCP Connection(15)-127.0.0.1] c.n.c.sources.URLConfigurationSource     : No URLs will be polled as dynamic configuration sources.
2020-10-24 00:24:52.084  INFO 2888 --- [RMI TCP Connection(15)-127.0.0.1] c.n.c.sources.URLConfigurationSource     : To enable URLs as dynamic configuration sources, define System property archaius.configurationSource.additionalUrls or make config.properties available on classpath.
2020-10-24 00:24:52.307  INFO 2888 --- [RMI TCP Connection(15)-127.0.0.1] com.netflix.discovery.DiscoveryClient    : Shutting down DiscoveryClient ...
2020-10-24 00:24:55.312  INFO 2888 --- [RMI TCP Connection(15)-127.0.0.1] com.netflix.discovery.DiscoveryClient    : Unregistering ...
2020-10-24 00:24:55.318  INFO 2888 --- [RMI TCP Connection(15)-127.0.0.1] com.netflix.discovery.DiscoveryClient    : DiscoveryClient_SCW-WEBUI/localhost:SCW-WEBUI:80 - deregister  status: 200
2020-10-24 00:24:55.344  INFO 2888 --- [RMI TCP Connection(15)-127.0.0.1] com.netflix.discovery.DiscoveryClient    : Completed shut down of DiscoveryClient
2020-10-24 00:25:11.542  INFO 12992 --- [main] com.atguigu.scw.ScwWebuiApplication      : No active profile set, falling back to default profiles: default
2020-10-24 00:25:12.404  INFO 12992 --- [main] .s.d.r.c.RepositoryConfigurationDelegate : Multiple Spring Data modules found, entering strict repository configuration mode!
2020-10-24 00:25:12.406  INFO 12992 --- [main] .s.d.r.c.RepositoryConfigurationDelegate : Bootstrapping Spring Data Redis repositories in DEFAULT mode.
2020-10-24 00:25:12.451  INFO 12992 --- [main] .s.d.r.c.RepositoryConfigurationDelegate : Finished Spring Data repository scanning in 29ms. Found 0 Redis repository interfaces.
2020-10-24 00:25:12.865  INFO 12992 --- [main] o.s.cloud.context.scope.GenericScope     : BeanFactory id=434332f0-43a6-343c-a859-b71e534d56d7
2020-10-24 00:25:12.903  INFO 12992 --- [main] trationDelegate$BeanPostProcessorChecker : Bean 'com.atguigu.scw.webui.service.TMemberServiceFeign' of type [org.springframework.cloud.openfeign.FeignClientFactoryBean] is not eligible for getting processed by all BeanPostProcessors (for example: not eligible for auto-proxying)
2020-10-24 00:25:12.904  INFO 12992 --- [main] trationDelegate$BeanPostProcessorChecker : Bean 'com.atguigu.scw.webui.service.TOrderServiceFeign' of type [org.springframework.cloud.openfeign.FeignClientFactoryBean] is not eligible for getting processed by all BeanPostProcessors (for example: not eligible for auto-proxying)
2020-10-24 00:25:12.906  INFO 12992 --- [main] trationDelegate$BeanPostProcessorChecker : Bean 'com.atguigu.scw.webui.service.TProjectServiceFeign' of type [org.springframework.cloud.openfeign.FeignClientFactoryBean] is not eligible for getting processed by all BeanPostProcessors (for example: not eligible for auto-proxying)
2020-10-24 00:25:13.514  INFO 12992 --- [main] o.s.b.w.embedded.tomcat.TomcatWebServer  : Tomcat initialized with port(s): 80 (http)
2020-10-24 00:25:13.538  INFO 12992 --- [main] o.apache.catalina.core.StandardService   : Starting service [Tomcat]
2020-10-24 00:25:13.539  INFO 12992 --- [main] org.apache.catalina.core.StandardEngine  : Starting Servlet engine: [Apache Tomcat/9.0.38]
2020-10-24 00:25:13.864  INFO 12992 --- [main] o.a.c.c.C.[Tomcat].[localhost].[/]       : Initializing Spring embedded WebApplicationContext
2020-10-24 00:25:13.865  INFO 12992 --- [main] w.s.c.ServletWebServerApplicationContext : Root WebApplicationContext: initialization completed in 2274 ms
2020-10-24 00:25:15.116  WARN 12992 --- [main] c.n.c.sources.URLConfigurationSource     : No URLs will be polled as dynamic configuration sources.
2020-10-24 00:25:15.116  INFO 12992 --- [main] c.n.c.sources.URLConfigurationSource     : To enable URLs as dynamic configuration sources, define System property archaius.configurationSource.additionalUrls or make config.properties available on classpath.
2020-10-24 00:25:15.125  WARN 12992 --- [main] c.n.c.sources.URLConfigurationSource     : No URLs will be polled as dynamic configuration sources.
2020-10-24 00:25:15.125  INFO 12992 --- [main] c.n.c.sources.URLConfigurationSource     : To enable URLs as dynamic configuration sources, define System property archaius.configurationSource.additionalUrls or make config.properties available on classpath.
2020-10-24 00:25:15.415  INFO 12992 --- [main] o.s.s.concurrent.ThreadPoolTaskExecutor  : Initializing ExecutorService 'applicationTaskExecutor'
2020-10-24 00:25:15.524  INFO 12992 --- [main] o.s.b.a.w.s.WelcomePageHandlerMapping    : Adding welcome page template: index
2020-10-24 00:25:23.843  INFO 12992 --- [main] o.s.cloud.commons.util.InetUtils         : Cannot determine local hostname
2020-10-24 00:25:23.925  INFO 12992 --- [main] DiscoveryClientOptionalArgsConfiguration : Eureka HTTP Client uses Jersey
2020-10-24 00:25:28.161  INFO 12992 --- [main] o.s.cloud.commons.util.InetUtils         : Cannot determine local hostname
2020-10-24 00:25:28.252  WARN 12992 --- [main] ockingLoadBalancerClientRibbonWarnLogger : You already have RibbonLoadBalancerClient on your classpath. It will be used by default. As Spring Cloud Ribbon is in maintenance mode. We recommend switching to BlockingLoadBalancerClient instead. In order to use it, set the value of `spring.cloud.loadbalancer.ribbon.enabled` to `false` or remove spring-cloud-starter-netflix-ribbon from your project.
2020-10-24 00:25:28.448  INFO 12992 --- [main] o.s.c.n.eureka.InstanceInfoFactory       : Setting initial instance status as: STARTING
2020-10-24 00:25:28.496  INFO 12992 --- [main] com.netflix.discovery.DiscoveryClient    : Initializing Eureka in region us-east-1
2020-10-24 00:25:30.809  INFO 12992 --- [main] c.n.d.provider.DiscoveryJerseyProvider   : Using JSON encoding codec LegacyJacksonJson
2020-10-24 00:25:30.809  INFO 12992 --- [main] c.n.d.provider.DiscoveryJerseyProvider   : Using JSON decoding codec LegacyJacksonJson
2020-10-24 00:25:30.966  INFO 12992 --- [main] c.n.d.provider.DiscoveryJerseyProvider   : Using XML encoding codec XStreamXml
2020-10-24 00:25:30.967  INFO 12992 --- [main] c.n.d.provider.DiscoveryJerseyProvider   : Using XML decoding codec XStreamXml
2020-10-24 00:25:31.209  INFO 12992 --- [main] c.n.d.s.r.aws.ConfigClusterResolver      : Resolving eureka endpoints via configuration
2020-10-24 00:25:33.938  INFO 12992 --- [main] com.netflix.discovery.DiscoveryClient    : Disable delta property : false
2020-10-24 00:25:33.938  INFO 12992 --- [main] com.netflix.discovery.DiscoveryClient    : Single vip registry refresh property : null
2020-10-24 00:25:33.938  INFO 12992 --- [main] com.netflix.discovery.DiscoveryClient    : Force full registry fetch : false
2020-10-24 00:25:33.938  INFO 12992 --- [main] com.netflix.discovery.DiscoveryClient    : Application is null : false
2020-10-24 00:25:33.939  INFO 12992 --- [main] com.netflix.discovery.DiscoveryClient    : Registered Applications size is zero : true
2020-10-24 00:25:33.940  INFO 12992 --- [main] com.netflix.discovery.DiscoveryClient    : Application version is -1: true
2020-10-24 00:25:33.941  INFO 12992 --- [main] com.netflix.discovery.DiscoveryClient    : Getting all instance registry info from the eureka server
2020-10-24 00:25:34.411  INFO 12992 --- [main] com.netflix.discovery.DiscoveryClient    : The response status is 200
2020-10-24 00:25:34.416  INFO 12992 --- [main] com.netflix.discovery.DiscoveryClient    : Starting heartbeat executor: renew interval is: 30
2020-10-24 00:25:34.420  INFO 12992 --- [main] c.n.discovery.InstanceInfoReplicator     : InstanceInfoReplicator onDemand update allowed rate per min is 4
2020-10-24 00:25:34.428  INFO 12992 --- [main] com.netflix.discovery.DiscoveryClient    : Discovery Client initialized at timestamp 1603470334427 with initial instances count: 3
2020-10-24 00:25:34.435  INFO 12992 --- [main] o.s.c.n.e.s.EurekaServiceRegistry        : Registering application SCW-WEBUI with eureka with status UP
2020-10-24 00:25:34.436  INFO 12992 --- [main] com.netflix.discovery.DiscoveryClient    : Saw local status change event StatusChangeEvent [timestamp=1603470334436, current=UP, previous=STARTING]
2020-10-24 00:25:34.440  INFO 12992 --- [DiscoveryClient-InstanceInfoReplicator-0] com.netflix.discovery.DiscoveryClient    : DiscoveryClient_SCW-WEBUI/localhost:SCW-WEBUI:80: registering service...
2020-10-24 00:25:34.475  INFO 12992 --- [main] o.s.b.w.embedded.tomcat.TomcatWebServer  : Tomcat started on port(s): 80 (http) with context path ''
2020-10-24 00:25:34.477  INFO 12992 --- [main] .s.c.n.e.s.EurekaAutoServiceRegistration : Updating port to 80
2020-10-24 00:25:34.511  INFO 12992 --- [DiscoveryClient-InstanceInfoReplicator-0] com.netflix.discovery.DiscoveryClient    : DiscoveryClient_SCW-WEBUI/localhost:SCW-WEBUI:80 - registration status: 204
2020-10-24 00:25:38.982  INFO 12992 --- [main] o.s.cloud.commons.util.InetUtils         : Cannot determine local hostname
2020-10-24 00:25:39.588  INFO 12992 --- [main] s.a.ScheduledAnnotationBeanPostProcessor : No TaskScheduler/ScheduledExecutorService bean found for scheduled processing
2020-10-24 00:25:39.596  INFO 12992 --- [main] com.atguigu.scw.ScwWebuiApplication      : Started ScwWebuiApplication in 37.632 seconds (JVM running for 41.106)
2020-10-24 00:25:48.035  INFO 12992 --- [http-nio-80-exec-1] o.a.c.c.C.[Tomcat].[localhost].[/]       : Initializing Spring DispatcherServlet 'dispatcherServlet'
2020-10-24 00:25:48.035  INFO 12992 --- [http-nio-80-exec-1] o.s.web.servlet.DispatcherServlet        : Initializing Servlet 'dispatcherServlet'
2020-10-24 00:25:48.050  INFO 12992 --- [http-nio-80-exec-1] o.s.web.servlet.DispatcherServlet        : Completed initialization in 14 ms
2020-10-24 00:25:55.471  INFO 12992 --- [hystrix-SCW-USER-1] c.netflix.config.ChainedDynamicProperty  : Flipping property: SCW-USER.ribbon.ActiveConnectionsLimit to use NEXT property: niws.loadbalancer.availabilityFilteringRule.activeConnectionsLimit = 2147483647
2020-10-24 00:25:55.548  INFO 12992 --- [hystrix-SCW-USER-1] c.n.u.concurrent.ShutdownEnabledTimer    : Shutdown hook installed for: NFLoadBalancer-PingTimer-SCW-USER
2020-10-24 00:25:55.549  INFO 12992 --- [hystrix-SCW-USER-1] c.netflix.loadbalancer.BaseLoadBalancer  : Client: SCW-USER instantiated a LoadBalancer: DynamicServerListLoadBalancer:{NFLoadBalancer:name=SCW-USER,current list of Servers=[],Load balancer stats=Zone stats: {},Server stats: []}ServerList:null
2020-10-24 00:25:55.563  INFO 12992 --- [hystrix-SCW-USER-1] c.n.l.DynamicServerListLoadBalancer      : Using serverListUpdater PollingServerListUpdater
2020-10-24 00:25:55.622  INFO 12992 --- [hystrix-SCW-USER-1] c.netflix.config.ChainedDynamicProperty  : Flipping property: SCW-USER.ribbon.ActiveConnectionsLimit to use NEXT property: niws.loadbalancer.availabilityFilteringRule.activeConnectionsLimit = 2147483647
2020-10-24 00:25:55.629  INFO 12992 --- [hystrix-SCW-USER-1] c.n.l.DynamicServerListLoadBalancer      : DynamicServerListLoadBalancer for client SCW-USER initialized: DynamicServerListLoadBalancer:{NFLoadBalancer:name=SCW-USER,current list of Servers=[192.168.75.1:7000],Load balancer stats=Zone stats: {defaultzone=[Zone:defaultzone;	Instance count:1;	Active connections count: 0;	Circuit breaker tripped count: 0;	Active connections per server: 0.0;]
},Server stats: [[Server:192.168.75.1:7000;	Zone:defaultZone;	Total Requests:0;	Successive connection failure:0;	Total blackout seconds:0;	Last connection made:Thu Jan 01 08:00:00 CST 1970;	First connection made: Thu Jan 01 08:00:00 CST 1970;	Active Connections:0;	total failure count in last (1000) msecs:0;	average resp time:0.0;	90 percentile resp time:0.0;	95 percentile resp time:0.0;	min resp time:0.0;	max resp time:0.0;	stddev resp time:0.0]
]}ServerList:org.springframework.cloud.netflix.ribbon.eureka.DomainExtractingServerList@71a12ba
2020-10-24 00:25:56.573  INFO 12992 --- [PollingServerListUpdater-0] c.netflix.config.ChainedDynamicProperty  : Flipping property: SCW-USER.ribbon.ActiveConnectionsLimit to use NEXT property: niws.loadbalancer.availabilityFilteringRule.activeConnectionsLimit = 2147483647
2020-10-24 00:25:59.202  INFO 12992 --- [hystrix-SCW-PROJECT-1] c.netflix.config.ChainedDynamicProperty  : Flipping property: SCW-PROJECT.ribbon.ActiveConnectionsLimit to use NEXT property: niws.loadbalancer.availabilityFilteringRule.activeConnectionsLimit = 2147483647
2020-10-24 00:25:59.205  INFO 12992 --- [hystrix-SCW-PROJECT-1] c.n.u.concurrent.ShutdownEnabledTimer    : Shutdown hook installed for: NFLoadBalancer-PingTimer-SCW-PROJECT
2020-10-24 00:25:59.205  INFO 12992 --- [hystrix-SCW-PROJECT-1] c.netflix.loadbalancer.BaseLoadBalancer  : Client: SCW-PROJECT instantiated a LoadBalancer: DynamicServerListLoadBalancer:{NFLoadBalancer:name=SCW-PROJECT,current list of Servers=[],Load balancer stats=Zone stats: {},Server stats: []}ServerList:null
2020-10-24 00:25:59.207  INFO 12992 --- [hystrix-SCW-PROJECT-1] c.n.l.DynamicServerListLoadBalancer      : Using serverListUpdater PollingServerListUpdater
2020-10-24 00:25:59.211  INFO 12992 --- [hystrix-SCW-PROJECT-1] c.netflix.config.ChainedDynamicProperty  : Flipping property: SCW-PROJECT.ribbon.ActiveConnectionsLimit to use NEXT property: niws.loadbalancer.availabilityFilteringRule.activeConnectionsLimit = 2147483647
2020-10-24 00:25:59.212  INFO 12992 --- [hystrix-SCW-PROJECT-1] c.n.l.DynamicServerListLoadBalancer      : DynamicServerListLoadBalancer for client SCW-PROJECT initialized: DynamicServerListLoadBalancer:{NFLoadBalancer:name=SCW-PROJECT,current list of Servers=[192.168.75.1:8000],Load balancer stats=Zone stats: {defaultzone=[Zone:defaultzone;	Instance count:1;	Active connections count: 0;	Circuit breaker tripped count: 0;	Active connections per server: 0.0;]
},Server stats: [[Server:192.168.75.1:8000;	Zone:defaultZone;	Total Requests:0;	Successive connection failure:0;	Total blackout seconds:0;	Last connection made:Thu Jan 01 08:00:00 CST 1970;	First connection made: Thu Jan 01 08:00:00 CST 1970;	Active Connections:0;	total failure count in last (1000) msecs:0;	average resp time:0.0;	90 percentile resp time:0.0;	95 percentile resp time:0.0;	min resp time:0.0;	max resp time:0.0;	stddev resp time:0.0]
]}ServerList:org.springframework.cloud.netflix.ribbon.eureka.DomainExtractingServerList@14a1c88a
2020-10-24 00:26:00.209  INFO 12992 --- [PollingServerListUpdater-0] c.netflix.config.ChainedDynamicProperty  : Flipping property: SCW-PROJECT.ribbon.ActiveConnectionsLimit to use NEXT property: niws.loadbalancer.availabilityFilteringRule.activeConnectionsLimit = 2147483647
2020-10-24 00:26:15.208 DEBUG 12992 --- [http-nio-80-exec-7] c.a.s.webui.controller.TOrderController  : 提交订单-立即支付OrderFormInfoSubmitVo=OrderFormInfoSubmitVo(address=北京尚硅谷, invoice=0, invoictitle=尚硅谷公司111, remark=周一发货)
2020-10-24 00:26:15.279  INFO 12992 --- [hystrix-SCW-ORDER-1] c.netflix.config.ChainedDynamicProperty  : Flipping property: SCW-ORDER.ribbon.ActiveConnectionsLimit to use NEXT property: niws.loadbalancer.availabilityFilteringRule.activeConnectionsLimit = 2147483647
2020-10-24 00:26:15.281  INFO 12992 --- [hystrix-SCW-ORDER-1] c.n.u.concurrent.ShutdownEnabledTimer    : Shutdown hook installed for: NFLoadBalancer-PingTimer-SCW-ORDER
2020-10-24 00:26:15.281  INFO 12992 --- [hystrix-SCW-ORDER-1] c.netflix.loadbalancer.BaseLoadBalancer  : Client: SCW-ORDER instantiated a LoadBalancer: DynamicServerListLoadBalancer:{NFLoadBalancer:name=SCW-ORDER,current list of Servers=[],Load balancer stats=Zone stats: {},Server stats: []}ServerList:null
2020-10-24 00:26:15.283  INFO 12992 --- [hystrix-SCW-ORDER-1] c.n.l.DynamicServerListLoadBalancer      : Using serverListUpdater PollingServerListUpdater
2020-10-24 00:26:15.285  INFO 12992 --- [hystrix-SCW-ORDER-1] c.netflix.config.ChainedDynamicProperty  : Flipping property: SCW-ORDER.ribbon.ActiveConnectionsLimit to use NEXT property: niws.loadbalancer.availabilityFilteringRule.activeConnectionsLimit = 2147483647
2020-10-24 00:26:15.286  INFO 12992 --- [hystrix-SCW-ORDER-1] c.n.l.DynamicServerListLoadBalancer      : DynamicServerListLoadBalancer for client SCW-ORDER initialized: DynamicServerListLoadBalancer:{NFLoadBalancer:name=SCW-ORDER,current list of Servers=[192.168.75.1:9000],Load balancer stats=Zone stats: {defaultzone=[Zone:defaultzone;	Instance count:1;	Active connections count: 0;	Circuit breaker tripped count: 0;	Active connections per server: 0.0;]
},Server stats: [[Server:192.168.75.1:9000;	Zone:defaultZone;	Total Requests:0;	Successive connection failure:0;	Total blackout seconds:0;	Last connection made:Thu Jan 01 08:00:00 CST 1970;	First connection made: Thu Jan 01 08:00:00 CST 1970;	Active Connections:0;	total failure count in last (1000) msecs:0;	average resp time:0.0;	90 percentile resp time:0.0;	95 percentile resp time:0.0;	min resp time:0.0;	max resp time:0.0;	stddev resp time:0.0]
]}ServerList:org.springframework.cloud.netflix.ribbon.eureka.DomainExtractingServerList@160da5f4
2020-10-24 00:26:15.337 DEBUG 12992 --- [http-nio-80-exec-7] c.a.s.webui.controller.TOrderController  : 订单详情：TOrder [id=5, memberid=1, projectid=1, returnid=1, ordernum=a9aa23aca3cd424bb0dc66dedce47b68, createdate=2020-10-24 00:26:15, money=1020, rtncount=5, status=0, address=北京尚硅谷, invoice=0, invoictitle=尚硅谷公司111, remark=周一发货]
2020-10-24 00:26:16.285  INFO 12992 --- [PollingServerListUpdater-1] c.netflix.config.ChainedDynamicProperty  : Flipping property: SCW-ORDER.ribbon.ActiveConnectionsLimit to use NEXT property: niws.loadbalancer.availabilityFilteringRule.activeConnectionsLimit = 2147483647
2020-10-24 00:30:33.944  INFO 12992 --- [AsyncResolver-bootstrap-executor-0] c.n.d.s.r.aws.ConfigClusterResolver      : Resolving eureka endpoints via configuration
2020-10-24 00:35:33.945  INFO 12992 --- [AsyncResolver-bootstrap-executor-0] c.n.d.s.r.aws.ConfigClusterResolver      : Resolving eureka endpoints via configuration
2020-10-24 00:40:33.948  INFO 12992 --- [AsyncResolver-bootstrap-executor-0] c.n.d.s.r.aws.ConfigClusterResolver      : Resolving eureka endpoints via configuration
